<?xml version="1.0" encoding="UTF-8"?>
<testsuite xmlns:xsi="http://www.w3.org/2001/XMLSchema-instance" xsi:noNamespaceSchemaLocation="https://maven.apache.org/surefire/maven-surefire-plugin/xsd/surefire-test-report.xsd" name="co.com.vanegas.microservice.resolveEnigmaApi.api.GetStepApiControllerIntegrationTest" time="3.639" tests="1" errors="1" skipped="0" failures="0">
  <properties>
    <property name="java.specification.version" value="22"/>
    <property name="sun.jnu.encoding" value="UTF-8"/>
    <property name="java.class.path" value="/Users/lilianestefaniamaradiagocorrea/Desktop/servicios/orquestador/ResolveEnigmaAp 1/target/test-classes:/Users/lilianestefaniamaradiagocorrea/Desktop/servicios/orquestador/ResolveEnigmaAp 1/target/classes:/Users/lilianestefaniamaradiagocorrea/.m2/repository/org/springframework/cloud/spring-cloud-starter-config/2.2.8.RELEASE/spring-cloud-starter-config-2.2.8.RELEASE.jar:/Users/lilianestefaniamaradiagocorrea/.m2/repository/org/springframework/cloud/spring-cloud-starter/2.2.9.RELEASE/spring-cloud-starter-2.2.9.RELEASE.jar:/Users/lilianestefaniamaradiagocorrea/.m2/repository/org/springframework/cloud/spring-cloud-context/2.2.9.RELEASE/spring-cloud-context-2.2.9.RELEASE.jar:/Users/lilianestefaniamaradiagocorrea/.m2/repository/org/springframework/security/spring-security-crypto/5.3.3.RELEASE/spring-security-crypto-5.3.3.RELEASE.jar:/Users/lilianestefaniamaradiagocorrea/.m2/repository/org/springframework/cloud/spring-cloud-commons/2.2.9.RELEASE/spring-cloud-commons-2.2.9.RELEASE.jar:/Users/lilianestefaniamaradiagocorrea/.m2/repository/org/springframework/security/spring-security-rsa/1.0.9.RELEASE/spring-security-rsa-1.0.9.RELEASE.jar:/Users/lilianestefaniamaradiagocorrea/.m2/repository/org/bouncycastle/bcpkix-jdk15on/1.64/bcpkix-jdk15on-1.64.jar:/Users/lilianestefaniamaradiagocorrea/.m2/repository/org/bouncycastle/bcprov-jdk15on/1.64/bcprov-jdk15on-1.64.jar:/Users/lilianestefaniamaradiagocorrea/.m2/repository/org/springframework/cloud/spring-cloud-config-client/2.2.8.RELEASE/spring-cloud-config-client-2.2.8.RELEASE.jar:/Users/lilianestefaniamaradiagocorrea/.m2/repository/org/springframework/boot/spring-boot-autoconfigure/2.3.1.RELEASE/spring-boot-autoconfigure-2.3.1.RELEASE.jar:/Users/lilianestefaniamaradiagocorrea/.m2/repository/com/fasterxml/jackson/core/jackson-annotations/2.11.0/jackson-annotations-2.11.0.jar:/Users/lilianestefaniamaradiagocorrea/.m2/repository/org/apache/httpcomponents/httpclient/4.5.12/httpclient-4.5.12.jar:/Users/lilianestefaniamaradiagocorrea/.m2/repository/org/apache/httpcomponents/httpcore/4.4.13/httpcore-4.4.13.jar:/Users/lilianestefaniamaradiagocorrea/.m2/repository/commons-codec/commons-codec/1.14/commons-codec-1.14.jar:/Users/lilianestefaniamaradiagocorrea/.m2/repository/com/fasterxml/jackson/core/jackson-databind/2.11.0/jackson-databind-2.11.0.jar:/Users/lilianestefaniamaradiagocorrea/.m2/repository/org/springframework/boot/spring-boot-starter-web/2.3.1.RELEASE/spring-boot-starter-web-2.3.1.RELEASE.jar:/Users/lilianestefaniamaradiagocorrea/.m2/repository/org/springframework/boot/spring-boot-starter/2.3.1.RELEASE/spring-boot-starter-2.3.1.RELEASE.jar:/Users/lilianestefaniamaradiagocorrea/.m2/repository/org/springframework/boot/spring-boot/2.3.1.RELEASE/spring-boot-2.3.1.RELEASE.jar:/Users/lilianestefaniamaradiagocorrea/.m2/repository/org/springframework/boot/spring-boot-starter-logging/2.3.1.RELEASE/spring-boot-starter-logging-2.3.1.RELEASE.jar:/Users/lilianestefaniamaradiagocorrea/.m2/repository/ch/qos/logback/logback-classic/1.2.3/logback-classic-1.2.3.jar:/Users/lilianestefaniamaradiagocorrea/.m2/repository/ch/qos/logback/logback-core/1.2.3/logback-core-1.2.3.jar:/Users/lilianestefaniamaradiagocorrea/.m2/repository/org/apache/logging/log4j/log4j-to-slf4j/2.13.3/log4j-to-slf4j-2.13.3.jar:/Users/lilianestefaniamaradiagocorrea/.m2/repository/org/apache/logging/log4j/log4j-api/2.13.3/log4j-api-2.13.3.jar:/Users/lilianestefaniamaradiagocorrea/.m2/repository/org/slf4j/jul-to-slf4j/1.7.30/jul-to-slf4j-1.7.30.jar:/Users/lilianestefaniamaradiagocorrea/.m2/repository/org/yaml/snakeyaml/1.26/snakeyaml-1.26.jar:/Users/lilianestefaniamaradiagocorrea/.m2/repository/org/springframework/boot/spring-boot-starter-json/2.3.1.RELEASE/spring-boot-starter-json-2.3.1.RELEASE.jar:/Users/lilianestefaniamaradiagocorrea/.m2/repository/com/fasterxml/jackson/datatype/jackson-datatype-jdk8/2.11.0/jackson-datatype-jdk8-2.11.0.jar:/Users/lilianestefaniamaradiagocorrea/.m2/repository/com/fasterxml/jackson/datatype/jackson-datatype-jsr310/2.11.0/jackson-datatype-jsr310-2.11.0.jar:/Users/lilianestefaniamaradiagocorrea/.m2/repository/com/fasterxml/jackson/module/jackson-module-parameter-names/2.11.0/jackson-module-parameter-names-2.11.0.jar:/Users/lilianestefaniamaradiagocorrea/.m2/repository/org/springframework/spring-web/5.2.7.RELEASE/spring-web-5.2.7.RELEASE.jar:/Users/lilianestefaniamaradiagocorrea/.m2/repository/org/springframework/spring-beans/5.2.7.RELEASE/spring-beans-5.2.7.RELEASE.jar:/Users/lilianestefaniamaradiagocorrea/.m2/repository/org/springframework/spring-webmvc/5.2.7.RELEASE/spring-webmvc-5.2.7.RELEASE.jar:/Users/lilianestefaniamaradiagocorrea/.m2/repository/org/springframework/spring-aop/5.2.7.RELEASE/spring-aop-5.2.7.RELEASE.jar:/Users/lilianestefaniamaradiagocorrea/.m2/repository/org/springframework/spring-context/5.2.7.RELEASE/spring-context-5.2.7.RELEASE.jar:/Users/lilianestefaniamaradiagocorrea/.m2/repository/org/springframework/spring-expression/5.2.7.RELEASE/spring-expression-5.2.7.RELEASE.jar:/Users/lilianestefaniamaradiagocorrea/.m2/repository/org/springframework/boot/spring-boot-starter-tomcat/2.3.1.RELEASE/spring-boot-starter-tomcat-2.3.1.RELEASE.jar:/Users/lilianestefaniamaradiagocorrea/.m2/repository/jakarta/annotation/jakarta.annotation-api/1.3.5/jakarta.annotation-api-1.3.5.jar:/Users/lilianestefaniamaradiagocorrea/.m2/repository/org/apache/tomcat/embed/tomcat-embed-core/9.0.36/tomcat-embed-core-9.0.36.jar:/Users/lilianestefaniamaradiagocorrea/.m2/repository/org/glassfish/jakarta.el/3.0.3/jakarta.el-3.0.3.jar:/Users/lilianestefaniamaradiagocorrea/.m2/repository/org/apache/tomcat/embed/tomcat-embed-websocket/9.0.36/tomcat-embed-websocket-9.0.36.jar:/Users/lilianestefaniamaradiagocorrea/.m2/repository/io/springfox/springfox-swagger2/2.7.0/springfox-swagger2-2.7.0.jar:/Users/lilianestefaniamaradiagocorrea/.m2/repository/io/swagger/swagger-annotations/1.5.13/swagger-annotations-1.5.13.jar:/Users/lilianestefaniamaradiagocorrea/.m2/repository/io/swagger/swagger-models/1.5.13/swagger-models-1.5.13.jar:/Users/lilianestefaniamaradiagocorrea/.m2/repository/io/springfox/springfox-spi/2.7.0/springfox-spi-2.7.0.jar:/Users/lilianestefaniamaradiagocorrea/.m2/repository/io/springfox/springfox-core/2.7.0/springfox-core-2.7.0.jar:/Users/lilianestefaniamaradiagocorrea/.m2/repository/io/springfox/springfox-schema/2.7.0/springfox-schema-2.7.0.jar:/Users/lilianestefaniamaradiagocorrea/.m2/repository/io/springfox/springfox-swagger-common/2.7.0/springfox-swagger-common-2.7.0.jar:/Users/lilianestefaniamaradiagocorrea/.m2/repository/io/springfox/springfox-spring-web/2.7.0/springfox-spring-web-2.7.0.jar:/Users/lilianestefaniamaradiagocorrea/.m2/repository/org/reflections/reflections/0.9.11/reflections-0.9.11.jar:/Users/lilianestefaniamaradiagocorrea/.m2/repository/org/javassist/javassist/3.21.0-GA/javassist-3.21.0-GA.jar:/Users/lilianestefaniamaradiagocorrea/.m2/repository/com/google/guava/guava/30.0-jre/guava-30.0-jre.jar:/Users/lilianestefaniamaradiagocorrea/.m2/repository/com/google/guava/failureaccess/1.0.1/failureaccess-1.0.1.jar:/Users/lilianestefaniamaradiagocorrea/.m2/repository/com/google/guava/listenablefuture/9999.0-empty-to-avoid-conflict-with-guava/listenablefuture-9999.0-empty-to-avoid-conflict-with-guava.jar:/Users/lilianestefaniamaradiagocorrea/.m2/repository/com/google/code/findbugs/jsr305/3.0.2/jsr305-3.0.2.jar:/Users/lilianestefaniamaradiagocorrea/.m2/repository/org/checkerframework/checker-qual/3.5.0/checker-qual-3.5.0.jar:/Users/lilianestefaniamaradiagocorrea/.m2/repository/com/google/errorprone/error_prone_annotations/2.3.4/error_prone_annotations-2.3.4.jar:/Users/lilianestefaniamaradiagocorrea/.m2/repository/com/google/j2objc/j2objc-annotations/1.3/j2objc-annotations-1.3.jar:/Users/lilianestefaniamaradiagocorrea/.m2/repository/com/fasterxml/classmate/1.5.1/classmate-1.5.1.jar:/Users/lilianestefaniamaradiagocorrea/.m2/repository/org/slf4j/slf4j-api/1.7.30/slf4j-api-1.7.30.jar:/Users/lilianestefaniamaradiagocorrea/.m2/repository/org/springframework/plugin/spring-plugin-core/1.2.0.RELEASE/spring-plugin-core-1.2.0.RELEASE.jar:/Users/lilianestefaniamaradiagocorrea/.m2/repository/org/springframework/plugin/spring-plugin-metadata/1.2.0.RELEASE/spring-plugin-metadata-1.2.0.RELEASE.jar:/Users/lilianestefaniamaradiagocorrea/.m2/repository/org/mapstruct/mapstruct/1.1.0.Final/mapstruct-1.1.0.Final.jar:/Users/lilianestefaniamaradiagocorrea/.m2/repository/io/springfox/springfox-swagger-ui/2.7.0/springfox-swagger-ui-2.7.0.jar:/Users/lilianestefaniamaradiagocorrea/.m2/repository/com/github/joschi/jackson/jackson-datatype-threetenbp/2.6.4/jackson-datatype-threetenbp-2.6.4.jar:/Users/lilianestefaniamaradiagocorrea/.m2/repository/org/threeten/threetenbp/1.3.1/threetenbp-1.3.1.jar:/Users/lilianestefaniamaradiagocorrea/.m2/repository/com/fasterxml/jackson/core/jackson-core/2.11.0/jackson-core-2.11.0.jar:/Users/lilianestefaniamaradiagocorrea/.m2/repository/javax/validation/validation-api/2.0.1.Final/validation-api-2.0.1.Final.jar:/Users/lilianestefaniamaradiagocorrea/.m2/repository/javax/xml/bind/jaxb-api/2.3.0/jaxb-api-2.3.0.jar:/Users/lilianestefaniamaradiagocorrea/.m2/repository/org/springframework/boot/spring-boot-starter-test/2.3.1.RELEASE/spring-boot-starter-test-2.3.1.RELEASE.jar:/Users/lilianestefaniamaradiagocorrea/.m2/repository/org/springframework/boot/spring-boot-test/2.3.1.RELEASE/spring-boot-test-2.3.1.RELEASE.jar:/Users/lilianestefaniamaradiagocorrea/.m2/repository/org/springframework/boot/spring-boot-test-autoconfigure/2.3.1.RELEASE/spring-boot-test-autoconfigure-2.3.1.RELEASE.jar:/Users/lilianestefaniamaradiagocorrea/.m2/repository/com/jayway/jsonpath/json-path/2.4.0/json-path-2.4.0.jar:/Users/lilianestefaniamaradiagocorrea/.m2/repository/net/minidev/json-smart/2.3/json-smart-2.3.jar:/Users/lilianestefaniamaradiagocorrea/.m2/repository/net/minidev/accessors-smart/1.2/accessors-smart-1.2.jar:/Users/lilianestefaniamaradiagocorrea/.m2/repository/org/ow2/asm/asm/5.0.4/asm-5.0.4.jar:/Users/lilianestefaniamaradiagocorrea/.m2/repository/jakarta/xml/bind/jakarta.xml.bind-api/2.3.3/jakarta.xml.bind-api-2.3.3.jar:/Users/lilianestefaniamaradiagocorrea/.m2/repository/jakarta/activation/jakarta.activation-api/1.2.2/jakarta.activation-api-1.2.2.jar:/Users/lilianestefaniamaradiagocorrea/.m2/repository/org/assertj/assertj-core/3.16.1/assertj-core-3.16.1.jar:/Users/lilianestefaniamaradiagocorrea/.m2/repository/org/hamcrest/hamcrest/2.2/hamcrest-2.2.jar:/Users/lilianestefaniamaradiagocorrea/.m2/repository/org/junit/jupiter/junit-jupiter/5.6.2/junit-jupiter-5.6.2.jar:/Users/lilianestefaniamaradiagocorrea/.m2/repository/org/junit/jupiter/junit-jupiter-api/5.6.2/junit-jupiter-api-5.6.2.jar:/Users/lilianestefaniamaradiagocorrea/.m2/repository/org/opentest4j/opentest4j/1.2.0/opentest4j-1.2.0.jar:/Users/lilianestefaniamaradiagocorrea/.m2/repository/org/junit/platform/junit-platform-commons/1.6.2/junit-platform-commons-1.6.2.jar:/Users/lilianestefaniamaradiagocorrea/.m2/repository/org/junit/jupiter/junit-jupiter-params/5.6.2/junit-jupiter-params-5.6.2.jar:/Users/lilianestefaniamaradiagocorrea/.m2/repository/org/junit/jupiter/junit-jupiter-engine/5.6.2/junit-jupiter-engine-5.6.2.jar:/Users/lilianestefaniamaradiagocorrea/.m2/repository/org/junit/vintage/junit-vintage-engine/5.6.2/junit-vintage-engine-5.6.2.jar:/Users/lilianestefaniamaradiagocorrea/.m2/repository/org/apiguardian/apiguardian-api/1.1.0/apiguardian-api-1.1.0.jar:/Users/lilianestefaniamaradiagocorrea/.m2/repository/org/junit/platform/junit-platform-engine/1.6.2/junit-platform-engine-1.6.2.jar:/Users/lilianestefaniamaradiagocorrea/.m2/repository/junit/junit/4.13/junit-4.13.jar:/Users/lilianestefaniamaradiagocorrea/.m2/repository/org/mockito/mockito-core/3.3.3/mockito-core-3.3.3.jar:/Users/lilianestefaniamaradiagocorrea/.m2/repository/net/bytebuddy/byte-buddy/1.10.11/byte-buddy-1.10.11.jar:/Users/lilianestefaniamaradiagocorrea/.m2/repository/net/bytebuddy/byte-buddy-agent/1.10.11/byte-buddy-agent-1.10.11.jar:/Users/lilianestefaniamaradiagocorrea/.m2/repository/org/objenesis/objenesis/2.6/objenesis-2.6.jar:/Users/lilianestefaniamaradiagocorrea/.m2/repository/org/mockito/mockito-junit-jupiter/3.3.3/mockito-junit-jupiter-3.3.3.jar:/Users/lilianestefaniamaradiagocorrea/.m2/repository/org/skyscreamer/jsonassert/1.5.0/jsonassert-1.5.0.jar:/Users/lilianestefaniamaradiagocorrea/.m2/repository/com/vaadin/external/google/android-json/0.0.20131108.vaadin1/android-json-0.0.20131108.vaadin1.jar:/Users/lilianestefaniamaradiagocorrea/.m2/repository/org/springframework/spring-core/5.2.7.RELEASE/spring-core-5.2.7.RELEASE.jar:/Users/lilianestefaniamaradiagocorrea/.m2/repository/org/springframework/spring-jcl/5.2.7.RELEASE/spring-jcl-5.2.7.RELEASE.jar:/Users/lilianestefaniamaradiagocorrea/.m2/repository/org/springframework/spring-test/5.2.7.RELEASE/spring-test-5.2.7.RELEASE.jar:/Users/lilianestefaniamaradiagocorrea/.m2/repository/org/xmlunit/xmlunit-core/2.7.0/xmlunit-core-2.7.0.jar:"/>
    <property name="java.vm.vendor" value="Oracle Corporation"/>
    <property name="sun.arch.data.model" value="64"/>
    <property name="java.vendor.url" value="https://java.oracle.com/"/>
    <property name="os.name" value="Mac OS X"/>
    <property name="java.vm.specification.version" value="22"/>
    <property name="sun.java.launcher" value="SUN_STANDARD"/>
    <property name="user.country" value="CO"/>
    <property name="sun.boot.library.path" value="/Users/lilianestefaniamaradiagocorrea/Library/Java/JavaVirtualMachines/openjdk-22.0.1/Contents/Home/lib"/>
    <property name="sun.java.command" value="/Users/lilianestefaniamaradiagocorrea/Desktop/servicios/orquestador/ResolveEnigmaAp 1/target/surefire/surefirebooter11840456271660192920.jar /Users/lilianestefaniamaradiagocorrea/Desktop/servicios/orquestador/ResolveEnigmaAp 1/target/surefire 2024-10-15T19-32-58_556-jvmRun1 surefire8240916519085598666tmp surefire_012556894665563547971tmp"/>
    <property name="http.nonProxyHosts" value="local|*.local|169.254/16|*.169.254/16"/>
    <property name="jdk.debug" value="release"/>
    <property name="surefire.test.class.path" value="/Users/lilianestefaniamaradiagocorrea/Desktop/servicios/orquestador/ResolveEnigmaAp 1/target/test-classes:/Users/lilianestefaniamaradiagocorrea/Desktop/servicios/orquestador/ResolveEnigmaAp 1/target/classes:/Users/lilianestefaniamaradiagocorrea/.m2/repository/org/springframework/cloud/spring-cloud-starter-config/2.2.8.RELEASE/spring-cloud-starter-config-2.2.8.RELEASE.jar:/Users/lilianestefaniamaradiagocorrea/.m2/repository/org/springframework/cloud/spring-cloud-starter/2.2.9.RELEASE/spring-cloud-starter-2.2.9.RELEASE.jar:/Users/lilianestefaniamaradiagocorrea/.m2/repository/org/springframework/cloud/spring-cloud-context/2.2.9.RELEASE/spring-cloud-context-2.2.9.RELEASE.jar:/Users/lilianestefaniamaradiagocorrea/.m2/repository/org/springframework/security/spring-security-crypto/5.3.3.RELEASE/spring-security-crypto-5.3.3.RELEASE.jar:/Users/lilianestefaniamaradiagocorrea/.m2/repository/org/springframework/cloud/spring-cloud-commons/2.2.9.RELEASE/spring-cloud-commons-2.2.9.RELEASE.jar:/Users/lilianestefaniamaradiagocorrea/.m2/repository/org/springframework/security/spring-security-rsa/1.0.9.RELEASE/spring-security-rsa-1.0.9.RELEASE.jar:/Users/lilianestefaniamaradiagocorrea/.m2/repository/org/bouncycastle/bcpkix-jdk15on/1.64/bcpkix-jdk15on-1.64.jar:/Users/lilianestefaniamaradiagocorrea/.m2/repository/org/bouncycastle/bcprov-jdk15on/1.64/bcprov-jdk15on-1.64.jar:/Users/lilianestefaniamaradiagocorrea/.m2/repository/org/springframework/cloud/spring-cloud-config-client/2.2.8.RELEASE/spring-cloud-config-client-2.2.8.RELEASE.jar:/Users/lilianestefaniamaradiagocorrea/.m2/repository/org/springframework/boot/spring-boot-autoconfigure/2.3.1.RELEASE/spring-boot-autoconfigure-2.3.1.RELEASE.jar:/Users/lilianestefaniamaradiagocorrea/.m2/repository/com/fasterxml/jackson/core/jackson-annotations/2.11.0/jackson-annotations-2.11.0.jar:/Users/lilianestefaniamaradiagocorrea/.m2/repository/org/apache/httpcomponents/httpclient/4.5.12/httpclient-4.5.12.jar:/Users/lilianestefaniamaradiagocorrea/.m2/repository/org/apache/httpcomponents/httpcore/4.4.13/httpcore-4.4.13.jar:/Users/lilianestefaniamaradiagocorrea/.m2/repository/commons-codec/commons-codec/1.14/commons-codec-1.14.jar:/Users/lilianestefaniamaradiagocorrea/.m2/repository/com/fasterxml/jackson/core/jackson-databind/2.11.0/jackson-databind-2.11.0.jar:/Users/lilianestefaniamaradiagocorrea/.m2/repository/org/springframework/boot/spring-boot-starter-web/2.3.1.RELEASE/spring-boot-starter-web-2.3.1.RELEASE.jar:/Users/lilianestefaniamaradiagocorrea/.m2/repository/org/springframework/boot/spring-boot-starter/2.3.1.RELEASE/spring-boot-starter-2.3.1.RELEASE.jar:/Users/lilianestefaniamaradiagocorrea/.m2/repository/org/springframework/boot/spring-boot/2.3.1.RELEASE/spring-boot-2.3.1.RELEASE.jar:/Users/lilianestefaniamaradiagocorrea/.m2/repository/org/springframework/boot/spring-boot-starter-logging/2.3.1.RELEASE/spring-boot-starter-logging-2.3.1.RELEASE.jar:/Users/lilianestefaniamaradiagocorrea/.m2/repository/ch/qos/logback/logback-classic/1.2.3/logback-classic-1.2.3.jar:/Users/lilianestefaniamaradiagocorrea/.m2/repository/ch/qos/logback/logback-core/1.2.3/logback-core-1.2.3.jar:/Users/lilianestefaniamaradiagocorrea/.m2/repository/org/apache/logging/log4j/log4j-to-slf4j/2.13.3/log4j-to-slf4j-2.13.3.jar:/Users/lilianestefaniamaradiagocorrea/.m2/repository/org/apache/logging/log4j/log4j-api/2.13.3/log4j-api-2.13.3.jar:/Users/lilianestefaniamaradiagocorrea/.m2/repository/org/slf4j/jul-to-slf4j/1.7.30/jul-to-slf4j-1.7.30.jar:/Users/lilianestefaniamaradiagocorrea/.m2/repository/org/yaml/snakeyaml/1.26/snakeyaml-1.26.jar:/Users/lilianestefaniamaradiagocorrea/.m2/repository/org/springframework/boot/spring-boot-starter-json/2.3.1.RELEASE/spring-boot-starter-json-2.3.1.RELEASE.jar:/Users/lilianestefaniamaradiagocorrea/.m2/repository/com/fasterxml/jackson/datatype/jackson-datatype-jdk8/2.11.0/jackson-datatype-jdk8-2.11.0.jar:/Users/lilianestefaniamaradiagocorrea/.m2/repository/com/fasterxml/jackson/datatype/jackson-datatype-jsr310/2.11.0/jackson-datatype-jsr310-2.11.0.jar:/Users/lilianestefaniamaradiagocorrea/.m2/repository/com/fasterxml/jackson/module/jackson-module-parameter-names/2.11.0/jackson-module-parameter-names-2.11.0.jar:/Users/lilianestefaniamaradiagocorrea/.m2/repository/org/springframework/spring-web/5.2.7.RELEASE/spring-web-5.2.7.RELEASE.jar:/Users/lilianestefaniamaradiagocorrea/.m2/repository/org/springframework/spring-beans/5.2.7.RELEASE/spring-beans-5.2.7.RELEASE.jar:/Users/lilianestefaniamaradiagocorrea/.m2/repository/org/springframework/spring-webmvc/5.2.7.RELEASE/spring-webmvc-5.2.7.RELEASE.jar:/Users/lilianestefaniamaradiagocorrea/.m2/repository/org/springframework/spring-aop/5.2.7.RELEASE/spring-aop-5.2.7.RELEASE.jar:/Users/lilianestefaniamaradiagocorrea/.m2/repository/org/springframework/spring-context/5.2.7.RELEASE/spring-context-5.2.7.RELEASE.jar:/Users/lilianestefaniamaradiagocorrea/.m2/repository/org/springframework/spring-expression/5.2.7.RELEASE/spring-expression-5.2.7.RELEASE.jar:/Users/lilianestefaniamaradiagocorrea/.m2/repository/org/springframework/boot/spring-boot-starter-tomcat/2.3.1.RELEASE/spring-boot-starter-tomcat-2.3.1.RELEASE.jar:/Users/lilianestefaniamaradiagocorrea/.m2/repository/jakarta/annotation/jakarta.annotation-api/1.3.5/jakarta.annotation-api-1.3.5.jar:/Users/lilianestefaniamaradiagocorrea/.m2/repository/org/apache/tomcat/embed/tomcat-embed-core/9.0.36/tomcat-embed-core-9.0.36.jar:/Users/lilianestefaniamaradiagocorrea/.m2/repository/org/glassfish/jakarta.el/3.0.3/jakarta.el-3.0.3.jar:/Users/lilianestefaniamaradiagocorrea/.m2/repository/org/apache/tomcat/embed/tomcat-embed-websocket/9.0.36/tomcat-embed-websocket-9.0.36.jar:/Users/lilianestefaniamaradiagocorrea/.m2/repository/io/springfox/springfox-swagger2/2.7.0/springfox-swagger2-2.7.0.jar:/Users/lilianestefaniamaradiagocorrea/.m2/repository/io/swagger/swagger-annotations/1.5.13/swagger-annotations-1.5.13.jar:/Users/lilianestefaniamaradiagocorrea/.m2/repository/io/swagger/swagger-models/1.5.13/swagger-models-1.5.13.jar:/Users/lilianestefaniamaradiagocorrea/.m2/repository/io/springfox/springfox-spi/2.7.0/springfox-spi-2.7.0.jar:/Users/lilianestefaniamaradiagocorrea/.m2/repository/io/springfox/springfox-core/2.7.0/springfox-core-2.7.0.jar:/Users/lilianestefaniamaradiagocorrea/.m2/repository/io/springfox/springfox-schema/2.7.0/springfox-schema-2.7.0.jar:/Users/lilianestefaniamaradiagocorrea/.m2/repository/io/springfox/springfox-swagger-common/2.7.0/springfox-swagger-common-2.7.0.jar:/Users/lilianestefaniamaradiagocorrea/.m2/repository/io/springfox/springfox-spring-web/2.7.0/springfox-spring-web-2.7.0.jar:/Users/lilianestefaniamaradiagocorrea/.m2/repository/org/reflections/reflections/0.9.11/reflections-0.9.11.jar:/Users/lilianestefaniamaradiagocorrea/.m2/repository/org/javassist/javassist/3.21.0-GA/javassist-3.21.0-GA.jar:/Users/lilianestefaniamaradiagocorrea/.m2/repository/com/google/guava/guava/30.0-jre/guava-30.0-jre.jar:/Users/lilianestefaniamaradiagocorrea/.m2/repository/com/google/guava/failureaccess/1.0.1/failureaccess-1.0.1.jar:/Users/lilianestefaniamaradiagocorrea/.m2/repository/com/google/guava/listenablefuture/9999.0-empty-to-avoid-conflict-with-guava/listenablefuture-9999.0-empty-to-avoid-conflict-with-guava.jar:/Users/lilianestefaniamaradiagocorrea/.m2/repository/com/google/code/findbugs/jsr305/3.0.2/jsr305-3.0.2.jar:/Users/lilianestefaniamaradiagocorrea/.m2/repository/org/checkerframework/checker-qual/3.5.0/checker-qual-3.5.0.jar:/Users/lilianestefaniamaradiagocorrea/.m2/repository/com/google/errorprone/error_prone_annotations/2.3.4/error_prone_annotations-2.3.4.jar:/Users/lilianestefaniamaradiagocorrea/.m2/repository/com/google/j2objc/j2objc-annotations/1.3/j2objc-annotations-1.3.jar:/Users/lilianestefaniamaradiagocorrea/.m2/repository/com/fasterxml/classmate/1.5.1/classmate-1.5.1.jar:/Users/lilianestefaniamaradiagocorrea/.m2/repository/org/slf4j/slf4j-api/1.7.30/slf4j-api-1.7.30.jar:/Users/lilianestefaniamaradiagocorrea/.m2/repository/org/springframework/plugin/spring-plugin-core/1.2.0.RELEASE/spring-plugin-core-1.2.0.RELEASE.jar:/Users/lilianestefaniamaradiagocorrea/.m2/repository/org/springframework/plugin/spring-plugin-metadata/1.2.0.RELEASE/spring-plugin-metadata-1.2.0.RELEASE.jar:/Users/lilianestefaniamaradiagocorrea/.m2/repository/org/mapstruct/mapstruct/1.1.0.Final/mapstruct-1.1.0.Final.jar:/Users/lilianestefaniamaradiagocorrea/.m2/repository/io/springfox/springfox-swagger-ui/2.7.0/springfox-swagger-ui-2.7.0.jar:/Users/lilianestefaniamaradiagocorrea/.m2/repository/com/github/joschi/jackson/jackson-datatype-threetenbp/2.6.4/jackson-datatype-threetenbp-2.6.4.jar:/Users/lilianestefaniamaradiagocorrea/.m2/repository/org/threeten/threetenbp/1.3.1/threetenbp-1.3.1.jar:/Users/lilianestefaniamaradiagocorrea/.m2/repository/com/fasterxml/jackson/core/jackson-core/2.11.0/jackson-core-2.11.0.jar:/Users/lilianestefaniamaradiagocorrea/.m2/repository/javax/validation/validation-api/2.0.1.Final/validation-api-2.0.1.Final.jar:/Users/lilianestefaniamaradiagocorrea/.m2/repository/javax/xml/bind/jaxb-api/2.3.0/jaxb-api-2.3.0.jar:/Users/lilianestefaniamaradiagocorrea/.m2/repository/org/springframework/boot/spring-boot-starter-test/2.3.1.RELEASE/spring-boot-starter-test-2.3.1.RELEASE.jar:/Users/lilianestefaniamaradiagocorrea/.m2/repository/org/springframework/boot/spring-boot-test/2.3.1.RELEASE/spring-boot-test-2.3.1.RELEASE.jar:/Users/lilianestefaniamaradiagocorrea/.m2/repository/org/springframework/boot/spring-boot-test-autoconfigure/2.3.1.RELEASE/spring-boot-test-autoconfigure-2.3.1.RELEASE.jar:/Users/lilianestefaniamaradiagocorrea/.m2/repository/com/jayway/jsonpath/json-path/2.4.0/json-path-2.4.0.jar:/Users/lilianestefaniamaradiagocorrea/.m2/repository/net/minidev/json-smart/2.3/json-smart-2.3.jar:/Users/lilianestefaniamaradiagocorrea/.m2/repository/net/minidev/accessors-smart/1.2/accessors-smart-1.2.jar:/Users/lilianestefaniamaradiagocorrea/.m2/repository/org/ow2/asm/asm/5.0.4/asm-5.0.4.jar:/Users/lilianestefaniamaradiagocorrea/.m2/repository/jakarta/xml/bind/jakarta.xml.bind-api/2.3.3/jakarta.xml.bind-api-2.3.3.jar:/Users/lilianestefaniamaradiagocorrea/.m2/repository/jakarta/activation/jakarta.activation-api/1.2.2/jakarta.activation-api-1.2.2.jar:/Users/lilianestefaniamaradiagocorrea/.m2/repository/org/assertj/assertj-core/3.16.1/assertj-core-3.16.1.jar:/Users/lilianestefaniamaradiagocorrea/.m2/repository/org/hamcrest/hamcrest/2.2/hamcrest-2.2.jar:/Users/lilianestefaniamaradiagocorrea/.m2/repository/org/junit/jupiter/junit-jupiter/5.6.2/junit-jupiter-5.6.2.jar:/Users/lilianestefaniamaradiagocorrea/.m2/repository/org/junit/jupiter/junit-jupiter-api/5.6.2/junit-jupiter-api-5.6.2.jar:/Users/lilianestefaniamaradiagocorrea/.m2/repository/org/opentest4j/opentest4j/1.2.0/opentest4j-1.2.0.jar:/Users/lilianestefaniamaradiagocorrea/.m2/repository/org/junit/platform/junit-platform-commons/1.6.2/junit-platform-commons-1.6.2.jar:/Users/lilianestefaniamaradiagocorrea/.m2/repository/org/junit/jupiter/junit-jupiter-params/5.6.2/junit-jupiter-params-5.6.2.jar:/Users/lilianestefaniamaradiagocorrea/.m2/repository/org/junit/jupiter/junit-jupiter-engine/5.6.2/junit-jupiter-engine-5.6.2.jar:/Users/lilianestefaniamaradiagocorrea/.m2/repository/org/junit/vintage/junit-vintage-engine/5.6.2/junit-vintage-engine-5.6.2.jar:/Users/lilianestefaniamaradiagocorrea/.m2/repository/org/apiguardian/apiguardian-api/1.1.0/apiguardian-api-1.1.0.jar:/Users/lilianestefaniamaradiagocorrea/.m2/repository/org/junit/platform/junit-platform-engine/1.6.2/junit-platform-engine-1.6.2.jar:/Users/lilianestefaniamaradiagocorrea/.m2/repository/junit/junit/4.13/junit-4.13.jar:/Users/lilianestefaniamaradiagocorrea/.m2/repository/org/mockito/mockito-core/3.3.3/mockito-core-3.3.3.jar:/Users/lilianestefaniamaradiagocorrea/.m2/repository/net/bytebuddy/byte-buddy/1.10.11/byte-buddy-1.10.11.jar:/Users/lilianestefaniamaradiagocorrea/.m2/repository/net/bytebuddy/byte-buddy-agent/1.10.11/byte-buddy-agent-1.10.11.jar:/Users/lilianestefaniamaradiagocorrea/.m2/repository/org/objenesis/objenesis/2.6/objenesis-2.6.jar:/Users/lilianestefaniamaradiagocorrea/.m2/repository/org/mockito/mockito-junit-jupiter/3.3.3/mockito-junit-jupiter-3.3.3.jar:/Users/lilianestefaniamaradiagocorrea/.m2/repository/org/skyscreamer/jsonassert/1.5.0/jsonassert-1.5.0.jar:/Users/lilianestefaniamaradiagocorrea/.m2/repository/com/vaadin/external/google/android-json/0.0.20131108.vaadin1/android-json-0.0.20131108.vaadin1.jar:/Users/lilianestefaniamaradiagocorrea/.m2/repository/org/springframework/spring-core/5.2.7.RELEASE/spring-core-5.2.7.RELEASE.jar:/Users/lilianestefaniamaradiagocorrea/.m2/repository/org/springframework/spring-jcl/5.2.7.RELEASE/spring-jcl-5.2.7.RELEASE.jar:/Users/lilianestefaniamaradiagocorrea/.m2/repository/org/springframework/spring-test/5.2.7.RELEASE/spring-test-5.2.7.RELEASE.jar:/Users/lilianestefaniamaradiagocorrea/.m2/repository/org/xmlunit/xmlunit-core/2.7.0/xmlunit-core-2.7.0.jar:"/>
    <property name="sun.cpu.endian" value="little"/>
    <property name="user.home" value="/Users/lilianestefaniamaradiagocorrea"/>
    <property name="user.language" value="es"/>
    <property name="java.specification.vendor" value="Oracle Corporation"/>
    <property name="java.version.date" value="2024-04-16"/>
    <property name="java.home" value="/Users/lilianestefaniamaradiagocorrea/Library/Java/JavaVirtualMachines/openjdk-22.0.1/Contents/Home"/>
    <property name="file.separator" value="/"/>
    <property name="basedir" value="/Users/lilianestefaniamaradiagocorrea/Desktop/servicios/orquestador/ResolveEnigmaAp 1"/>
    <property name="java.vm.compressedOopsMode" value="Zero based"/>
    <property name="line.separator" value="&#10;"/>
    <property name="java.vm.specification.vendor" value="Oracle Corporation"/>
    <property name="java.specification.name" value="Java Platform API Specification"/>
    <property name="apple.awt.application.name" value="ForkedBooter"/>
    <property name="surefire.real.class.path" value="/Users/lilianestefaniamaradiagocorrea/Desktop/servicios/orquestador/ResolveEnigmaAp 1/target/surefire/surefirebooter11840456271660192920.jar"/>
    <property name="sun.management.compiler" value="HotSpot 64-Bit Tiered Compilers"/>
    <property name="ftp.nonProxyHosts" value="local|*.local|169.254/16|*.169.254/16"/>
    <property name="java.runtime.version" value="22.0.1+8-16"/>
    <property name="user.name" value="lilianestefaniamaradiagocorrea"/>
    <property name="stdout.encoding" value="US-ASCII"/>
    <property name="path.separator" value=":"/>
    <property name="os.version" value="15.0"/>
    <property name="java.runtime.name" value="OpenJDK Runtime Environment"/>
    <property name="file.encoding" value="UTF-8"/>
    <property name="java.vm.name" value="OpenJDK 64-Bit Server VM"/>
    <property name="localRepository" value="/Users/lilianestefaniamaradiagocorrea/.m2/repository"/>
    <property name="java.vendor.url.bug" value="https://bugreport.java.com/bugreport/"/>
    <property name="java.io.tmpdir" value="/var/folders/jv/wpc3lncj5lg9gdsl2cfm7pww0000gn/T/"/>
    <property name="idea.version" value="2024.1.6"/>
    <property name="java.version" value="22.0.1"/>
    <property name="user.dir" value="/Users/lilianestefaniamaradiagocorrea/Desktop/servicios/orquestador/ResolveEnigmaAp 1"/>
    <property name="os.arch" value="aarch64"/>
    <property name="java.vm.specification.name" value="Java Virtual Machine Specification"/>
    <property name="native.encoding" value="US-ASCII"/>
    <property name="java.library.path" value="/Users/lilianestefaniamaradiagocorrea/Library/Java/Extensions:/Library/Java/Extensions:/Network/Library/Java/Extensions:/System/Library/Java/Extensions:/usr/lib/java:."/>
    <property name="java.vm.info" value="mixed mode, sharing"/>
    <property name="stderr.encoding" value="US-ASCII"/>
    <property name="java.vendor" value="Oracle Corporation"/>
    <property name="java.vm.version" value="22.0.1+8-16"/>
    <property name="sun.io.unicode.encoding" value="UnicodeBig"/>
    <property name="socksNonProxyHosts" value="local|*.local|169.254/16|*.169.254/16"/>
    <property name="java.class.version" value="66.0"/>
  </properties>
  <testcase name="getStepTest" classname="co.com.vanegas.microservice.resolveEnigmaApi.api.GetStepApiControllerIntegrationTest" time="0.124">
    <error message="Cannot invoke &quot;java.util.List.get(int)&quot; because the return value of &quot;co.com.vanegas.microservice.resolveEnigmaApi.model.JsonApiBodyRequest.getData()&quot; is null" type="java.lang.NullPointerException">java.lang.NullPointerException: Cannot invoke "java.util.List.get(int)" because the return value of "co.com.vanegas.microservice.resolveEnigmaApi.model.JsonApiBodyRequest.getData()" is null
	at co.com.vanegas.microservice.resolveEnigmaApi.api.GetStepApiControllerIntegrationTest.getStepTest(GetStepApiControllerIntegrationTest.java:29)
</error>
    <system-out><![CDATA[19:33:00.128 [main] DEBUG org.springframework.test.context.junit4.SpringJUnit4ClassRunner - SpringJUnit4ClassRunner constructor called with [class co.com.vanegas.microservice.resolveEnigmaApi.api.GetStepApiControllerIntegrationTest]
19:33:00.130 [main] DEBUG org.springframework.test.context.BootstrapUtils - Instantiating CacheAwareContextLoaderDelegate from class [org.springframework.test.context.cache.DefaultCacheAwareContextLoaderDelegate]
19:33:00.134 [main] DEBUG org.springframework.test.context.BootstrapUtils - Instantiating BootstrapContext using constructor [public org.springframework.test.context.support.DefaultBootstrapContext(java.lang.Class,org.springframework.test.context.CacheAwareContextLoaderDelegate)]
19:33:00.147 [main] DEBUG org.springframework.test.context.BootstrapUtils - Instantiating TestContextBootstrapper for test class [co.com.vanegas.microservice.resolveEnigmaApi.api.GetStepApiControllerIntegrationTest] from class [org.springframework.boot.test.context.SpringBootTestContextBootstrapper]
19:33:00.153 [main] INFO org.springframework.boot.test.context.SpringBootTestContextBootstrapper - Neither @ContextConfiguration nor @ContextHierarchy found for test class [co.com.vanegas.microservice.resolveEnigmaApi.api.GetStepApiControllerIntegrationTest], using SpringBootContextLoader
19:33:00.155 [main] DEBUG org.springframework.test.context.support.AbstractContextLoader - Did not detect default resource location for test class [co.com.vanegas.microservice.resolveEnigmaApi.api.GetStepApiControllerIntegrationTest]: class path resource [co/com/vanegas/microservice/resolveEnigmaApi/api/GetStepApiControllerIntegrationTest-context.xml] does not exist
19:33:00.155 [main] DEBUG org.springframework.test.context.support.AbstractContextLoader - Did not detect default resource location for test class [co.com.vanegas.microservice.resolveEnigmaApi.api.GetStepApiControllerIntegrationTest]: class path resource [co/com/vanegas/microservice/resolveEnigmaApi/api/GetStepApiControllerIntegrationTestContext.groovy] does not exist
19:33:00.155 [main] INFO org.springframework.test.context.support.AbstractContextLoader - Could not detect default resource locations for test class [co.com.vanegas.microservice.resolveEnigmaApi.api.GetStepApiControllerIntegrationTest]: no resource found for suffixes {-context.xml, Context.groovy}.
19:33:00.155 [main] INFO org.springframework.test.context.support.AnnotationConfigContextLoaderUtils - Could not detect default configuration classes for test class [co.com.vanegas.microservice.resolveEnigmaApi.api.GetStepApiControllerIntegrationTest]: GetStepApiControllerIntegrationTest does not declare any static, non-private, non-final, nested classes annotated with @Configuration.
19:33:00.181 [main] DEBUG org.springframework.test.context.support.ActiveProfilesUtils - Could not find an 'annotation declaring class' for annotation type [org.springframework.test.context.ActiveProfiles] and class [co.com.vanegas.microservice.resolveEnigmaApi.api.GetStepApiControllerIntegrationTest]
19:33:00.213 [main] DEBUG org.springframework.context.annotation.ClassPathScanningCandidateComponentProvider - Identified candidate component class: file [/Users/lilianestefaniamaradiagocorrea/Desktop/servicios/orquestador/ResolveEnigmaAp 1/target/classes/co/com/vanegas/microservice/resolveEnigmaApi/Swagger2SpringBoot.class]
19:33:00.213 [main] INFO org.springframework.boot.test.context.SpringBootTestContextBootstrapper - Found @SpringBootConfiguration co.com.vanegas.microservice.resolveEnigmaApi.Swagger2SpringBoot for test class co.com.vanegas.microservice.resolveEnigmaApi.api.GetStepApiControllerIntegrationTest
19:33:00.244 [main] DEBUG org.springframework.boot.test.context.SpringBootTestContextBootstrapper - @TestExecutionListeners is not present for class [co.com.vanegas.microservice.resolveEnigmaApi.api.GetStepApiControllerIntegrationTest]: using defaults.
19:33:00.244 [main] INFO org.springframework.boot.test.context.SpringBootTestContextBootstrapper - Loaded default TestExecutionListener class names from location [META-INF/spring.factories]: [org.springframework.boot.test.mock.mockito.MockitoTestExecutionListener, org.springframework.boot.test.mock.mockito.ResetMocksTestExecutionListener, org.springframework.boot.test.autoconfigure.restdocs.RestDocsTestExecutionListener, org.springframework.boot.test.autoconfigure.web.client.MockRestServiceServerResetTestExecutionListener, org.springframework.boot.test.autoconfigure.web.servlet.MockMvcPrintOnlyOnFailureTestExecutionListener, org.springframework.boot.test.autoconfigure.web.servlet.WebDriverTestExecutionListener, org.springframework.boot.test.autoconfigure.webservices.client.MockWebServiceServerTestExecutionListener, org.springframework.test.context.web.ServletTestExecutionListener, org.springframework.test.context.support.DirtiesContextBeforeModesTestExecutionListener, org.springframework.test.context.support.DependencyInjectionTestExecutionListener, org.springframework.test.context.support.DirtiesContextTestExecutionListener, org.springframework.test.context.transaction.TransactionalTestExecutionListener, org.springframework.test.context.jdbc.SqlScriptsTestExecutionListener, org.springframework.test.context.event.EventPublishingTestExecutionListener]
19:33:00.247 [main] DEBUG org.springframework.boot.test.context.SpringBootTestContextBootstrapper - Skipping candidate TestExecutionListener [org.springframework.test.context.transaction.TransactionalTestExecutionListener] due to a missing dependency. Specify custom listener classes or make the default listener classes and their required dependencies available. Offending class: [org/springframework/transaction/interceptor/TransactionAttributeSource]
19:33:00.247 [main] DEBUG org.springframework.boot.test.context.SpringBootTestContextBootstrapper - Skipping candidate TestExecutionListener [org.springframework.test.context.jdbc.SqlScriptsTestExecutionListener] due to a missing dependency. Specify custom listener classes or make the default listener classes and their required dependencies available. Offending class: [org/springframework/transaction/interceptor/TransactionAttribute]
19:33:00.248 [main] INFO org.springframework.boot.test.context.SpringBootTestContextBootstrapper - Using TestExecutionListeners: [org.springframework.test.context.web.ServletTestExecutionListener@4ee203eb, org.springframework.test.context.support.DirtiesContextBeforeModesTestExecutionListener@1a5a4e19, org.springframework.boot.test.mock.mockito.MockitoTestExecutionListener@7068e664, org.springframework.boot.test.autoconfigure.SpringBootDependencyInjectionTestExecutionListener@60db1c0e, org.springframework.test.context.support.DirtiesContextTestExecutionListener@3e78b6a5, org.springframework.test.context.event.EventPublishingTestExecutionListener@769a1df5, org.springframework.boot.test.mock.mockito.ResetMocksTestExecutionListener@41f69e84, org.springframework.boot.test.autoconfigure.restdocs.RestDocsTestExecutionListener@7975d1d8, org.springframework.boot.test.autoconfigure.web.client.MockRestServiceServerResetTestExecutionListener@2438dcd, org.springframework.boot.test.autoconfigure.web.servlet.MockMvcPrintOnlyOnFailureTestExecutionListener@24105dc5, org.springframework.boot.test.autoconfigure.web.servlet.WebDriverTestExecutionListener@5167f57d, org.springframework.boot.test.autoconfigure.webservices.client.MockWebServiceServerTestExecutionListener@64b0598]
19:33:00.248 [main] DEBUG org.springframework.test.annotation.ProfileValueUtils - Retrieved @ProfileValueSourceConfiguration [null] for test class [co.com.vanegas.microservice.resolveEnigmaApi.api.GetStepApiControllerIntegrationTest]
19:33:00.248 [main] DEBUG org.springframework.test.annotation.ProfileValueUtils - Retrieved ProfileValueSource type [class org.springframework.test.annotation.SystemProfileValueSource] for class [co.com.vanegas.microservice.resolveEnigmaApi.api.GetStepApiControllerIntegrationTest]
19:33:00.249 [main] DEBUG org.springframework.test.annotation.ProfileValueUtils - Retrieved @ProfileValueSourceConfiguration [null] for test class [co.com.vanegas.microservice.resolveEnigmaApi.api.GetStepApiControllerIntegrationTest]
19:33:00.249 [main] DEBUG org.springframework.test.annotation.ProfileValueUtils - Retrieved ProfileValueSource type [class org.springframework.test.annotation.SystemProfileValueSource] for class [co.com.vanegas.microservice.resolveEnigmaApi.api.GetStepApiControllerIntegrationTest]
19:33:00.250 [main] DEBUG org.springframework.test.annotation.ProfileValueUtils - Retrieved @ProfileValueSourceConfiguration [null] for test class [co.com.vanegas.microservice.resolveEnigmaApi.api.GetStepApiControllerIntegrationTest]
19:33:00.250 [main] DEBUG org.springframework.test.annotation.ProfileValueUtils - Retrieved ProfileValueSource type [class org.springframework.test.annotation.SystemProfileValueSource] for class [co.com.vanegas.microservice.resolveEnigmaApi.api.GetStepApiControllerIntegrationTest]
19:33:00.259 [main] DEBUG org.springframework.test.context.junit4.SpringJUnit4ClassRunner - SpringJUnit4ClassRunner constructor called with [class co.com.vanegas.microservice.resolveEnigmaApi.api.GetStepApiControllerIntegrationTest]
19:33:00.259 [main] DEBUG org.springframework.test.context.BootstrapUtils - Instantiating CacheAwareContextLoaderDelegate from class [org.springframework.test.context.cache.DefaultCacheAwareContextLoaderDelegate]
19:33:00.259 [main] DEBUG org.springframework.test.context.BootstrapUtils - Instantiating BootstrapContext using constructor [public org.springframework.test.context.support.DefaultBootstrapContext(java.lang.Class,org.springframework.test.context.CacheAwareContextLoaderDelegate)]
19:33:00.259 [main] DEBUG org.springframework.test.context.BootstrapUtils - Instantiating TestContextBootstrapper for test class [co.com.vanegas.microservice.resolveEnigmaApi.api.GetStepApiControllerIntegrationTest] from class [org.springframework.boot.test.context.SpringBootTestContextBootstrapper]
19:33:00.259 [main] INFO org.springframework.boot.test.context.SpringBootTestContextBootstrapper - Neither @ContextConfiguration nor @ContextHierarchy found for test class [co.com.vanegas.microservice.resolveEnigmaApi.api.GetStepApiControllerIntegrationTest], using SpringBootContextLoader
19:33:00.259 [main] DEBUG org.springframework.test.context.support.AbstractContextLoader - Did not detect default resource location for test class [co.com.vanegas.microservice.resolveEnigmaApi.api.GetStepApiControllerIntegrationTest]: class path resource [co/com/vanegas/microservice/resolveEnigmaApi/api/GetStepApiControllerIntegrationTest-context.xml] does not exist
19:33:00.259 [main] DEBUG org.springframework.test.context.support.AbstractContextLoader - Did not detect default resource location for test class [co.com.vanegas.microservice.resolveEnigmaApi.api.GetStepApiControllerIntegrationTest]: class path resource [co/com/vanegas/microservice/resolveEnigmaApi/api/GetStepApiControllerIntegrationTestContext.groovy] does not exist
19:33:00.259 [main] INFO org.springframework.test.context.support.AbstractContextLoader - Could not detect default resource locations for test class [co.com.vanegas.microservice.resolveEnigmaApi.api.GetStepApiControllerIntegrationTest]: no resource found for suffixes {-context.xml, Context.groovy}.
19:33:00.259 [main] INFO org.springframework.test.context.support.AnnotationConfigContextLoaderUtils - Could not detect default configuration classes for test class [co.com.vanegas.microservice.resolveEnigmaApi.api.GetStepApiControllerIntegrationTest]: GetStepApiControllerIntegrationTest does not declare any static, non-private, non-final, nested classes annotated with @Configuration.
19:33:00.260 [main] DEBUG org.springframework.test.context.support.ActiveProfilesUtils - Could not find an 'annotation declaring class' for annotation type [org.springframework.test.context.ActiveProfiles] and class [co.com.vanegas.microservice.resolveEnigmaApi.api.GetStepApiControllerIntegrationTest]
19:33:00.260 [main] INFO org.springframework.boot.test.context.SpringBootTestContextBootstrapper - Found @SpringBootConfiguration co.com.vanegas.microservice.resolveEnigmaApi.Swagger2SpringBoot for test class co.com.vanegas.microservice.resolveEnigmaApi.api.GetStepApiControllerIntegrationTest
19:33:00.261 [main] DEBUG org.springframework.boot.test.context.SpringBootTestContextBootstrapper - @TestExecutionListeners is not present for class [co.com.vanegas.microservice.resolveEnigmaApi.api.GetStepApiControllerIntegrationTest]: using defaults.
19:33:00.261 [main] INFO org.springframework.boot.test.context.SpringBootTestContextBootstrapper - Loaded default TestExecutionListener class names from location [META-INF/spring.factories]: [org.springframework.boot.test.mock.mockito.MockitoTestExecutionListener, org.springframework.boot.test.mock.mockito.ResetMocksTestExecutionListener, org.springframework.boot.test.autoconfigure.restdocs.RestDocsTestExecutionListener, org.springframework.boot.test.autoconfigure.web.client.MockRestServiceServerResetTestExecutionListener, org.springframework.boot.test.autoconfigure.web.servlet.MockMvcPrintOnlyOnFailureTestExecutionListener, org.springframework.boot.test.autoconfigure.web.servlet.WebDriverTestExecutionListener, org.springframework.boot.test.autoconfigure.webservices.client.MockWebServiceServerTestExecutionListener, org.springframework.test.context.web.ServletTestExecutionListener, org.springframework.test.context.support.DirtiesContextBeforeModesTestExecutionListener, org.springframework.test.context.support.DependencyInjectionTestExecutionListener, org.springframework.test.context.support.DirtiesContextTestExecutionListener, org.springframework.test.context.transaction.TransactionalTestExecutionListener, org.springframework.test.context.jdbc.SqlScriptsTestExecutionListener, org.springframework.test.context.event.EventPublishingTestExecutionListener]
19:33:00.261 [main] DEBUG org.springframework.boot.test.context.SpringBootTestContextBootstrapper - Skipping candidate TestExecutionListener [org.springframework.test.context.transaction.TransactionalTestExecutionListener] due to a missing dependency. Specify custom listener classes or make the default listener classes and their required dependencies available. Offending class: [org/springframework/transaction/interceptor/TransactionAttributeSource]
19:33:00.261 [main] DEBUG org.springframework.boot.test.context.SpringBootTestContextBootstrapper - Skipping candidate TestExecutionListener [org.springframework.test.context.jdbc.SqlScriptsTestExecutionListener] due to a missing dependency. Specify custom listener classes or make the default listener classes and their required dependencies available. Offending class: [org/springframework/transaction/interceptor/TransactionAttribute]
19:33:00.261 [main] INFO org.springframework.boot.test.context.SpringBootTestContextBootstrapper - Using TestExecutionListeners: [org.springframework.test.context.web.ServletTestExecutionListener@205d38da, org.springframework.test.context.support.DirtiesContextBeforeModesTestExecutionListener@6950ed69, org.springframework.boot.test.mock.mockito.MockitoTestExecutionListener@6dd7b5a3, org.springframework.boot.test.autoconfigure.SpringBootDependencyInjectionTestExecutionListener@6f3187b0, org.springframework.test.context.support.DirtiesContextTestExecutionListener@2663e964, org.springframework.test.context.event.EventPublishingTestExecutionListener@48b67364, org.springframework.boot.test.mock.mockito.ResetMocksTestExecutionListener@189cbd7c, org.springframework.boot.test.autoconfigure.restdocs.RestDocsTestExecutionListener@7bf3a5d8, org.springframework.boot.test.autoconfigure.web.client.MockRestServiceServerResetTestExecutionListener@42e25b0b, org.springframework.boot.test.autoconfigure.web.servlet.MockMvcPrintOnlyOnFailureTestExecutionListener@39b43d60, org.springframework.boot.test.autoconfigure.web.servlet.WebDriverTestExecutionListener@44be0077, org.springframework.boot.test.autoconfigure.webservices.client.MockWebServiceServerTestExecutionListener@2205a05d]
19:33:00.261 [main] DEBUG org.springframework.test.annotation.ProfileValueUtils - Retrieved @ProfileValueSourceConfiguration [null] for test class [co.com.vanegas.microservice.resolveEnigmaApi.api.GetStepApiControllerIntegrationTest]
19:33:00.261 [main] DEBUG org.springframework.test.annotation.ProfileValueUtils - Retrieved ProfileValueSource type [class org.springframework.test.annotation.SystemProfileValueSource] for class [co.com.vanegas.microservice.resolveEnigmaApi.api.GetStepApiControllerIntegrationTest]
19:33:00.261 [main] DEBUG org.springframework.test.annotation.ProfileValueUtils - Retrieved @ProfileValueSourceConfiguration [null] for test class [co.com.vanegas.microservice.resolveEnigmaApi.api.GetStepApiControllerIntegrationTest]
19:33:00.261 [main] DEBUG org.springframework.test.annotation.ProfileValueUtils - Retrieved ProfileValueSource type [class org.springframework.test.annotation.SystemProfileValueSource] for class [co.com.vanegas.microservice.resolveEnigmaApi.api.GetStepApiControllerIntegrationTest]
19:33:00.261 [main] DEBUG org.springframework.test.annotation.ProfileValueUtils - Retrieved @ProfileValueSourceConfiguration [null] for test class [co.com.vanegas.microservice.resolveEnigmaApi.api.GetStepApiControllerIntegrationTest]
19:33:00.261 [main] DEBUG org.springframework.test.annotation.ProfileValueUtils - Retrieved ProfileValueSource type [class org.springframework.test.annotation.SystemProfileValueSource] for class [co.com.vanegas.microservice.resolveEnigmaApi.api.GetStepApiControllerIntegrationTest]
19:33:00.278 [main] DEBUG org.springframework.test.annotation.ProfileValueUtils - Retrieved @ProfileValueSourceConfiguration [null] for test class [co.com.vanegas.microservice.resolveEnigmaApi.api.GetStepApiControllerIntegrationTest]
19:33:00.278 [main] DEBUG org.springframework.test.annotation.ProfileValueUtils - Retrieved ProfileValueSource type [class org.springframework.test.annotation.SystemProfileValueSource] for class [co.com.vanegas.microservice.resolveEnigmaApi.api.GetStepApiControllerIntegrationTest]
19:33:00.279 [main] DEBUG org.springframework.test.annotation.ProfileValueUtils - Retrieved @ProfileValueSourceConfiguration [null] for test class [co.com.vanegas.microservice.resolveEnigmaApi.api.GetStepApiControllerIntegrationTest]
19:33:00.279 [main] DEBUG org.springframework.test.annotation.ProfileValueUtils - Retrieved ProfileValueSource type [class org.springframework.test.annotation.SystemProfileValueSource] for class [co.com.vanegas.microservice.resolveEnigmaApi.api.GetStepApiControllerIntegrationTest]
19:33:00.279 [main] DEBUG org.springframework.test.annotation.ProfileValueUtils - Retrieved @ProfileValueSourceConfiguration [null] for test class [co.com.vanegas.microservice.resolveEnigmaApi.api.GetStepApiControllerIntegrationTest]
19:33:00.279 [main] DEBUG org.springframework.test.annotation.ProfileValueUtils - Retrieved ProfileValueSource type [class org.springframework.test.annotation.SystemProfileValueSource] for class [co.com.vanegas.microservice.resolveEnigmaApi.api.GetStepApiControllerIntegrationTest]
19:33:00.281 [main] DEBUG org.springframework.test.context.support.AbstractDirtiesContextTestExecutionListener - Before test class: context [DefaultTestContext@45a37759 testClass = GetStepApiControllerIntegrationTest, testInstance = [null], testMethod = [null], testException = [null], mergedContextConfiguration = [WebMergedContextConfiguration@63611043 testClass = GetStepApiControllerIntegrationTest, locations = '{}', classes = '{class co.com.vanegas.microservice.resolveEnigmaApi.Swagger2SpringBoot}', contextInitializerClasses = '[]', activeProfiles = '{}', propertySourceLocations = '{}', propertySourceProperties = '{org.springframework.boot.test.context.SpringBootTestContextBootstrapper=true}', contextCustomizers = set[org.springframework.boot.test.context.filter.ExcludeFilterContextCustomizer@4f83df68, org.springframework.boot.test.json.DuplicateJsonObjectContextCustomizerFactory$DuplicateJsonObjectContextCustomizer@130d63be, org.springframework.boot.test.mock.mockito.MockitoContextCustomizer@0, org.springframework.boot.test.web.client.TestRestTemplateContextCustomizer@2a4fb17b, org.springframework.boot.test.autoconfigure.properties.PropertyMappingContextCustomizer@0, org.springframework.boot.test.autoconfigure.web.servlet.WebDriverContextCustomizerFactory$Customizer@2d3379b4, org.springframework.boot.test.context.SpringBootTestArgs@1], resourceBasePath = 'src/main/webapp', contextLoader = 'org.springframework.boot.test.context.SpringBootContextLoader', parent = [null]], attributes = map['org.springframework.test.context.web.ServletTestExecutionListener.activateListener' -> true]], class annotated with @DirtiesContext [false] with mode [null].
19:33:00.281 [main] DEBUG org.springframework.test.annotation.ProfileValueUtils - Retrieved @ProfileValueSourceConfiguration [null] for test class [co.com.vanegas.microservice.resolveEnigmaApi.api.GetStepApiControllerIntegrationTest]
19:33:00.281 [main] DEBUG org.springframework.test.annotation.ProfileValueUtils - Retrieved ProfileValueSource type [class org.springframework.test.annotation.SystemProfileValueSource] for class [co.com.vanegas.microservice.resolveEnigmaApi.api.GetStepApiControllerIntegrationTest]
19:33:00.295 [main] DEBUG org.springframework.test.context.support.TestPropertySourceUtils - Adding inlined properties to environment: {spring.jmx.enabled=false, org.springframework.boot.test.context.SpringBootTestContextBootstrapper=true}

  .   ____          _            __ _ _
 /\\ / ___'_ __ _ _(_)_ __  __ _ \ \ \ \
( ( )\___ | '_ | '_| | '_ \/ _` | \ \ \ \
 \\/  ___)| |_)| | | | | || (_| |  ) ) ) )
  '  |____| .__|_| |_|_| |_\__, | / / / /
 =========|_|==============|___/=/_/_/_/
&amp#27;[32m :: Spring Boot :: &amp#27;[39m      &amp#27;[2m (v2.3.1.RELEASE)&amp#27;[0;39m

&amp#27;[2m2024-10-15 19:33:02.664&amp#27;[0;39m &amp#27;[32m INFO&amp#27;[0;39m &amp#27;[35m40230&amp#27;[0;39m &amp#27;[2m---&amp#27;[0;39m &amp#27;[2m[           main]&amp#27;[0;39m &amp#27;[36mc.c.c.ConfigServicePropertySourceLocator&amp#27;[0;39m &amp#27;[2m:&amp#27;[0;39m Fetching config from server at : http://localhost:8888
&amp#27;[2m2024-10-15 19:33:02.830&amp#27;[0;39m &amp#27;[32m INFO&amp#27;[0;39m &amp#27;[35m40230&amp#27;[0;39m &amp#27;[2m---&amp#27;[0;39m &amp#27;[2m[           main]&amp#27;[0;39m &amp#27;[36mc.c.c.ConfigServicePropertySourceLocator&amp#27;[0;39m &amp#27;[2m:&amp#27;[0;39m Connect Timeout Exception on Url - http://localhost:8888. Will be trying the next url if available
&amp#27;[2m2024-10-15 19:33:02.830&amp#27;[0;39m &amp#27;[33m WARN&amp#27;[0;39m &amp#27;[35m40230&amp#27;[0;39m &amp#27;[2m---&amp#27;[0;39m &amp#27;[2m[           main]&amp#27;[0;39m &amp#27;[36mc.c.c.ConfigServicePropertySourceLocator&amp#27;[0;39m &amp#27;[2m:&amp#27;[0;39m Could not locate PropertySource: I/O error on GET request for "http://localhost:8888/stepOne/default": Connection refused; nested exception is java.net.ConnectException: Connection refused
&amp#27;[2m2024-10-15 19:33:02.834&amp#27;[0;39m &amp#27;[32m INFO&amp#27;[0;39m &amp#27;[35m40230&amp#27;[0;39m &amp#27;[2m---&amp#27;[0;39m &amp#27;[2m[           main]&amp#27;[0;39m &amp#27;[36m.r.a.GetStepApiControllerIntegrationTest&amp#27;[0;39m &amp#27;[2m:&amp#27;[0;39m No active profile set, falling back to default profiles: default
&amp#27;[2m2024-10-15 19:33:03.130&amp#27;[0;39m &amp#27;[32m INFO&amp#27;[0;39m &amp#27;[35m40230&amp#27;[0;39m &amp#27;[2m---&amp#27;[0;39m &amp#27;[2m[           main]&amp#27;[0;39m &amp#27;[36mo.s.cloud.context.scope.GenericScope    &amp#27;[0;39m &amp#27;[2m:&amp#27;[0;39m BeanFactory id=1284101c-4a23-37a9-b0d3-8dbbd37044f5
&amp#27;[2m2024-10-15 19:33:03.373&amp#27;[0;39m &amp#27;[32m INFO&amp#27;[0;39m &amp#27;[35m40230&amp#27;[0;39m &amp#27;[2m---&amp#27;[0;39m &amp#27;[2m[           main]&amp#27;[0;39m &amp#27;[36mpertySourcedRequestMappingHandlerMapping&amp#27;[0;39m &amp#27;[2m:&amp#27;[0;39m Mapped URL path [/v2/api-docs] onto method [springfox.documentation.swagger2.web.Swagger2Controller#getDocumentation(String, HttpServletRequest)]
&amp#27;[2m2024-10-15 19:33:03.441&amp#27;[0;39m &amp#27;[32m INFO&amp#27;[0;39m &amp#27;[35m40230&amp#27;[0;39m &amp#27;[2m---&amp#27;[0;39m &amp#27;[2m[           main]&amp#27;[0;39m &amp#27;[36mo.s.s.concurrent.ThreadPoolTaskExecutor &amp#27;[0;39m &amp#27;[2m:&amp#27;[0;39m Initializing ExecutorService 'applicationTaskExecutor'
&amp#27;[2m2024-10-15 19:33:03.718&amp#27;[0;39m &amp#27;[32m INFO&amp#27;[0;39m &amp#27;[35m40230&amp#27;[0;39m &amp#27;[2m---&amp#27;[0;39m &amp#27;[2m[           main]&amp#27;[0;39m &amp#27;[36md.s.w.p.DocumentationPluginsBootstrapper&amp#27;[0;39m &amp#27;[2m:&amp#27;[0;39m Context refreshed
&amp#27;[2m2024-10-15 19:33:03.723&amp#27;[0;39m &amp#27;[32m INFO&amp#27;[0;39m &amp#27;[35m40230&amp#27;[0;39m &amp#27;[2m---&amp#27;[0;39m &amp#27;[2m[           main]&amp#27;[0;39m &amp#27;[36md.s.w.p.DocumentationPluginsBootstrapper&amp#27;[0;39m &amp#27;[2m:&amp#27;[0;39m Found 1 custom documentation plugin(s)
&amp#27;[2m2024-10-15 19:33:03.743&amp#27;[0;39m &amp#27;[32m INFO&amp#27;[0;39m &amp#27;[35m40230&amp#27;[0;39m &amp#27;[2m---&amp#27;[0;39m &amp#27;[2m[           main]&amp#27;[0;39m &amp#27;[36ms.d.s.w.s.ApiListingReferenceScanner    &amp#27;[0;39m &amp#27;[2m:&amp#27;[0;39m Scanning for api listing references
&amp#27;[2m2024-10-15 19:33:03.784&amp#27;[0;39m &amp#27;[32m INFO&amp#27;[0;39m &amp#27;[35m40230&amp#27;[0;39m &amp#27;[2m---&amp#27;[0;39m &amp#27;[2m[           main]&amp#27;[0;39m &amp#27;[36m.r.a.GetStepApiControllerIntegrationTest&amp#27;[0;39m &amp#27;[2m:&amp#27;[0;39m Started GetStepApiControllerIntegrationTest in 3.484 seconds (JVM running for 4.121)
]]></system-out>
  </testcase>
</testsuite>